GROUP,PACKAGE,CLASS,INSTRUCTION_MISSED,INSTRUCTION_COVERED,BRANCH_MISSED,BRANCH_COVERED,LINE_MISSED,LINE_COVERED,COMPLEXITY_MISSED,COMPLEXITY_COVERED,METHOD_MISSED,METHOD_COVERED
PlanetsAndMoons,com.revature.models,User,36,29,7,1,12,12,5,8,1,8
PlanetsAndMoons,com.revature.models,UsernamePasswordAuthentication,24,50,11,7,10,16,10,6,1,6
PlanetsAndMoons,com.revature.models,Moon,16,44,4,4,5,16,5,8,1,8
PlanetsAndMoons,com.revature.models,Planet,28,32,8,0,10,11,5,8,1,8
PlanetsAndMoons,com.revature.utilities,PageProvider,22,0,0,0,5,0,2,0,2,0
PlanetsAndMoons,com.revature.utilities,ConnectionUtil,12,23,1,1,4,7,2,1,1,1
PlanetsAndMoons,com.revature.utilities,RequestMapper,233,0,2,0,35,0,23,0,22,0
PlanetsAndMoons,com.revature.repository,UserDao,12,116,3,5,3,31,3,4,0,3
PlanetsAndMoons,com.revature.repository,PlanetDao,49,291,10,14,9,86,8,10,0,6
PlanetsAndMoons,com.revature.repository,MoonDao,51,327,8,22,15,90,8,15,0,8
PlanetsAndMoons,com.revature,MainDriver,31,0,0,0,12,0,5,0,5,0
PlanetsAndMoons,com.revature.controller,MoonController,138,0,2,0,30,0,8,0,7,0
PlanetsAndMoons,com.revature.controller,PlanetController,157,0,8,0,35,0,10,0,6,0
PlanetsAndMoons,com.revature.controller,UserController,72,0,6,0,18,0,8,0,5,0
PlanetsAndMoons,com.revature.service,UserService,2,114,5,21,1,27,5,12,0,4
PlanetsAndMoons,com.revature.service,PlanetService,0,129,1,19,0,37,1,17,0,8
PlanetsAndMoons,com.revature.service,MoonService,0,106,0,14,0,28,0,16,0,9
PlanetsAndMoons,com.revature.exceptions,MoonFailException,0,4,0,0,0,2,0,1,0,1
PlanetsAndMoons,com.revature.exceptions,NotLoggedInException,24,0,0,0,10,0,5,0,5,0
PlanetsAndMoons,com.revature.exceptions,UserFailException,4,0,0,0,2,0,1,0,1,0
PlanetsAndMoons,com.revature.exceptions,PlanetFailException,0,4,0,0,0,2,0,1,0,1
